<?xml version="1.0" encoding="UTF-8"?>
<testsuite xmlns:xsi="http://www.w3.org/2001/XMLSchema-instance" xsi:noNamespaceSchemaLocation="https://maven.apache.org/surefire/maven-surefire-plugin/xsd/surefire-test-report-3.0.xsd" version="3.0" name="TestSuite" time="53.08" tests="3" errors="0" skipped="0" failures="2">
  <properties>
[...]
</properties>
  <testcase name="assetTaskaPage" classname="taskPageAssertion.tasksPageAssertion" time="1.421">
    <failure message="no such window: target window already closed&#10;from unknown error: web view not found&#10;  (Session info: chrome=122.0.6261.70)&#10;Build info: version: &apos;4.18.1&apos;, revision: &apos;b1d3319b48&apos;&#10;System info: os.name: &apos;Windows 10&apos;, os.arch: &apos;amd64&apos;, os.version: &apos;10.0&apos;, java.version: &apos;17.0.9&apos;&#10;Driver info: org.openqa.selenium.chrome.ChromeDriver&#10;Command: [79fe5363cdef3f4512f067c51c9c659f, sendKeysToElement {id=f.A94E4370CB0A5F392F01C114D990925C.d.83D56731C3B1009AE44E570214F893FB.e.2304, value=[Ljava.lang.CharSequence;@419c79fe}]&#10;Capabilities {acceptInsecureCerts: false, browserName: chrome, browserVersion: 122.0.6261.70, chrome: {chromedriverVersion: 122.0.6261.69 (81bc525b6a36..., userDataDir: C:\Users\paresh\AppData\Loc...}, fedcm:accounts: true, goog:chromeOptions: {debuggerAddress: localhost:55970}, networkConnectionEnabled: false, pageLoadStrategy: normal, platformName: windows, proxy: Proxy(), se:cdp: ws://localhost:55970/devtoo..., se:cdpVersion: 122.0.6261.70, setWindowRect: true, strictFileInteractability: false, timeouts: {implicit: 0, pageLoad: 300000, script: 30000}, unhandledPromptBehavior: dismiss and notify, webauthn:extension:credBlob: true, webauthn:extension:largeBlob: true, webauthn:extension:minPinLength: true, webauthn:extension:prf: true, webauthn:virtualAuthenticators: true}&#10;Element: [[ChromeDriver: chrome on windows (79fe5363cdef3f4512f067c51c9c659f)] -&gt; xpath: //input[@id=&apos;owner&apos;]]&#10;Session ID: 79fe5363cdef3f4512f067c51c9c659f" type="org.openqa.selenium.NoSuchWindowException"><![CDATA[org.openqa.selenium.NoSuchWindowException: 
no such window: target window already closed
from unknown error: web view not found
  (Session info: chrome=122.0.6261.70)
Build info: version: '4.18.1', revision: 'b1d3319b48'
System info: os.name: 'Windows 10', os.arch: 'amd64', os.version: '10.0', java.version: '17.0.9'
Driver info: org.openqa.selenium.chrome.ChromeDriver
Command: [79fe5363cdef3f4512f067c51c9c659f, sendKeysToElement {id=f.A94E4370CB0A5F392F01C114D990925C.d.83D56731C3B1009AE44E570214F893FB.e.2304, value=[Ljava.lang.CharSequence;@419c79fe}]
Capabilities {acceptInsecureCerts: false, browserName: chrome, browserVersion: 122.0.6261.70, chrome: {chromedriverVersion: 122.0.6261.69 (81bc525b6a36..., userDataDir: C:\Users\paresh\AppData\Loc...}, fedcm:accounts: true, goog:chromeOptions: {debuggerAddress: localhost:55970}, networkConnectionEnabled: false, pageLoadStrategy: normal, platformName: windows, proxy: Proxy(), se:cdp: ws://localhost:55970/devtoo..., se:cdpVersion: 122.0.6261.70, setWindowRect: true, strictFileInteractability: false, timeouts: {implicit: 0, pageLoad: 300000, script: 30000}, unhandledPromptBehavior: dismiss and notify, webauthn:extension:credBlob: true, webauthn:extension:largeBlob: true, webauthn:extension:minPinLength: true, webauthn:extension:prf: true, webauthn:virtualAuthenticators: true}
Element: [[ChromeDriver: chrome on windows (79fe5363cdef3f4512f067c51c9c659f)] -> xpath: //input[@id='owner']]
Session ID: 79fe5363cdef3f4512f067c51c9c659f
	at taskPageAssertion.tasksPageAssertion.assetTaskaPage(tasksPageAssertion.java:32)
]]></failure>
    <system-err><![CDATA[SLF4J: No SLF4J providers were found.
SLF4J: Defaulting to no-operation (NOP) logger implementation
SLF4J: See https://www.slf4j.org/codes.html#noProviders for further details.
]]></system-err>
  </testcase>
  <testcase name="creatingIssue" classname="workOverviewIssueAssertion.workOverviewAssertionIssue" time="15.863">
    <system-out><![CDATA[TT-I9
TT-I9
IssueVI04
21 Feb 2024
Open
Show stopper
TT-I9
TT-I9
]]></system-out>
  </testcase>
  <testcase name="assetTaskaPage" classname="projectassertionpage.Projectassrtionpage" time="20.043">
    <failure message="Expected condition failed: waiting for visibility of element located by By.xpath: //span[contains(text(),&apos;Add Project&apos;)] (tried for 20 second(s) with 500 milliseconds interval)" type="org.openqa.selenium.TimeoutException"><![CDATA[org.openqa.selenium.TimeoutException: Expected condition failed: waiting for visibility of element located by By.xpath: //span[contains(text(),'Add Project')] (tried for 20 second(s) with 500 milliseconds interval)
	at projectassertionpage.Projectassrtionpage.assetTaskaPage(Projectassrtionpage.java:27)
Caused by: org.openqa.selenium.NoSuchWindowException: 
no such window: target window already closed
from unknown error: web view not found
  (Session info: chrome=122.0.6261.70)
Build info: version: '4.18.1', revision: 'b1d3319b48'
System info: os.name: 'Windows 10', os.arch: 'amd64', os.version: '10.0', java.version: '17.0.9'
Driver info: org.openqa.selenium.chrome.ChromeDriver
Command: [f3c10572677dd13611e9046d8105d45f, findElement {using=xpath, value=//span[contains(text(),'Add Project')]}]
Capabilities {acceptInsecureCerts: false, browserName: chrome, browserVersion: 122.0.6261.70, chrome: {chromedriverVersion: 122.0.6261.69 (81bc525b6a36..., userDataDir: C:\Users\paresh\AppData\Loc...}, fedcm:accounts: true, goog:chromeOptions: {debuggerAddress: localhost:56019}, networkConnectionEnabled: false, pageLoadStrategy: normal, platformName: windows, proxy: Proxy(), se:cdp: ws://localhost:56019/devtoo..., se:cdpVersion: 122.0.6261.70, setWindowRect: true, strictFileInteractability: false, timeouts: {implicit: 0, pageLoad: 300000, script: 30000}, unhandledPromptBehavior: dismiss and notify, webauthn:extension:credBlob: true, webauthn:extension:largeBlob: true, webauthn:extension:minPinLength: true, webauthn:extension:prf: true, webauthn:virtualAuthenticators: true}
Session ID: f3c10572677dd13611e9046d8105d45f
	at projectassertionpage.Projectassrtionpage.assetTaskaPage(Projectassrtionpage.java:27)
]]></failure>
  </testcase>
</testsuite>